<?xml version="1.0" encoding="UTF-8"?>
<!-- Generated by org.testng.reporters.JUnitReportReporter -->
<testsuite skipped="0" hostname="Q780H622" name="SampleMaven.Finance.TC001_LoginPage" tests="1" failures="0" timestamp="16 May 2018 08:24:07 GMT" time="6.748" errors="0">
  <testcase name="customerLogin" time="6.748" classname="SampleMaven.Finance.TC001_LoginPage"/>
</testsuite> <!-- SampleMaven.Finance.TC001_LoginPage -->
