<?xml version="1.0" encoding="UTF-8"?>
<!-- Generated by org.testng.reporters.JUnitReportReporter -->
<testsuite skipped="0" hostname="Q780H622" name="SampleMaven.Finance.SampleTestNG" tests="1" failures="0" timestamp="18 May 2018 05:55:10 GMT" time="0.004" errors="0">
  <testcase name="f" time="0.004" classname="SampleMaven.Finance.SampleTestNG"/>
</testsuite> <!-- SampleMaven.Finance.SampleTestNG -->
